<?xml version="1.0" encoding="UTF-8"?>
<testng-results ignored="0" total="2" passed="2" failed="0" skipped="0">
  <reporter-output>
  </reporter-output>
  <suite started-at="2025-09-29T21:37:59 CDT" name="Default suite" finished-at="2025-09-29T21:38:01 CDT" duration-ms="2141">
    <groups>
    </groups>
    <test started-at="2025-09-29T21:37:59 CDT" name="Default test" finished-at="2025-09-29T21:38:01 CDT" duration-ms="2141">
      <class name="com.cura.api.ReqreAPITest">
        <test-method signature="testCreateUser()[pri:0, instance:com.cura.api.ReqreAPITest@1283bb96]" started-at="2025-09-29T21:37:59 CDT" name="testCreateUser" finished-at="2025-09-29T21:38:01 CDT" duration-ms="1993" status="PASS">
          <reporter-output>
          </reporter-output>
        </test-method> <!-- testCreateUser -->
        <test-method signature="testGetUser()[pri:0, instance:com.cura.api.ReqreAPITest@1283bb96]" started-at="2025-09-29T21:38:01 CDT" name="testGetUser" finished-at="2025-09-29T21:38:01 CDT" duration-ms="108" status="PASS">
          <reporter-output>
          </reporter-output>
        </test-method> <!-- testGetUser -->
      </class> <!-- com.cura.api.ReqreAPITest -->
    </test> <!-- Default test -->
  </suite> <!-- Default suite -->
</testng-results>
