<?xml version="1.0" encoding="UTF-8"?>
<testng-results ignored="0" total="1" passed="1" failed="0" skipped="0">
  <reporter-output>
  </reporter-output>
  <suite started-at="2025-10-22T19:18:58 CDT" name="Default suite" finished-at="2025-10-22T19:19:01 CDT" duration-ms="3728">
    <groups>
    </groups>
    <test started-at="2025-10-22T19:18:58 CDT" name="Default test" finished-at="2025-10-22T19:19:01 CDT" duration-ms="3728">
      <class name="com.cura.tests.OpenCartLoginTest">
        <test-method is-config="true" signature="initReport()[pri:0, instance:com.cura.tests.OpenCartLoginTest@1573f9fc]" started-at="2025-10-22T19:18:57 CDT" name="initReport" finished-at="2025-10-22T19:18:58 CDT" duration-ms="256" status="PASS">
          <reporter-output>
          </reporter-output>
        </test-method> <!-- initReport -->
        <test-method is-config="true" signature="setUp()[pri:0, instance:com.cura.tests.OpenCartLoginTest@1573f9fc]" started-at="2025-10-22T19:18:58 CDT" name="setUp" finished-at="2025-10-22T19:19:00 CDT" duration-ms="2637" status="PASS">
          <reporter-output>
          </reporter-output>
        </test-method> <!-- setUp -->
        <test-method is-config="true" signature="startTest(java.lang.reflect.Method)[pri:0, instance:com.cura.tests.OpenCartLoginTest@1573f9fc]" started-at="2025-10-22T19:19:00 CDT" name="startTest" finished-at="2025-10-22T19:19:00 CDT" duration-ms="8" status="PASS">
          <params>
            <param index="0">
              <value>
                <![CDATA[public void com.cura.tests.OpenCartLoginTest.testValidateLogin()]]>
              </value>
            </param>
          </params>
          <reporter-output>
          </reporter-output>
        </test-method> <!-- startTest -->
        <test-method signature="testValidateLogin()[pri:0, instance:com.cura.tests.OpenCartLoginTest@1573f9fc]" started-at="2025-10-22T19:19:00 CDT" name="testValidateLogin" finished-at="2025-10-22T19:19:01 CDT" duration-ms="509" status="PASS">
          <reporter-output>
          </reporter-output>
        </test-method> <!-- testValidateLogin -->
        <test-method is-config="true" signature="tearDown()[pri:0, instance:com.cura.tests.OpenCartLoginTest@1573f9fc]" started-at="2025-10-22T19:19:01 CDT" name="tearDown" finished-at="2025-10-22T19:19:01 CDT" duration-ms="526" status="PASS">
          <reporter-output>
          </reporter-output>
        </test-method> <!-- tearDown -->
        <test-method is-config="true" signature="flushReport()[pri:0, instance:com.cura.tests.OpenCartLoginTest@1573f9fc]" started-at="2025-10-22T19:19:02 CDT" name="flushReport" finished-at="2025-10-22T19:19:02 CDT" duration-ms="0" status="PASS">
          <reporter-output>
          </reporter-output>
        </test-method> <!-- flushReport -->
      </class> <!-- com.cura.tests.OpenCartLoginTest -->
    </test> <!-- Default test -->
  </suite> <!-- Default suite -->
</testng-results>
