<?xml version="1.0" encoding="UTF-8"?>
<!-- Generated by org.testng.reporters.JUnitReportReporter -->
<testsuite hostname="DESKTOP-6K5DTEM" failures="0" tests="4" name="com.cura.api.APIWorkoutExample" time="3.012" errors="0" timestamp="2026-03-30T20:44:54 CDT" skipped="0">
  <testcase classname="com.cura.api.APIWorkoutExample" name="testPostProduct" time="2.207"/>
  <testcase classname="com.cura.api.APIWorkoutExample" name="testGetProduct" time="0.335"/>
  <testcase classname="com.cura.api.APIWorkoutExample" name="testPutProduct" time="0.221"/>
  <testcase classname="com.cura.api.APIWorkoutExample" name="testDeleteProduct" time="0.249"/>
</testsuite> <!-- com.cura.api.APIWorkoutExample -->
